<?xml version="1.0" encoding="UTF-8"?>
<!-- Generated by org.testng.reporters.JUnitReportReporter -->
<testsuite hostname="renqin-31da6b5549" name="com.cases.KfglTest_New" tests="1" failures="1" timestamp="23 Nov 2016 13:02:21 GMT" time="11.744" errors="0">
  <testcase name="kfgl_0001_LoginSucc" time="11.744" classname="com.cases.KfglTest_New">
    <failure type="org.openqa.selenium.NoSuchElementException" message="Unable to find element with id == username (WARNING: The server did not provide any stacktrace information)
Command duration or timeout: 5.17 seconds
For documentation on this error, please visit: http://seleniumhq.org/exceptions/no_such_element.html
Build info: version: &#039;2.26.0&#039;, revision: &#039;18041&#039;, time: &#039;2012-11-01 19:33:38&#039;
System info: os.name: &#039;Windows XP&#039;, os.arch: &#039;x86&#039;, os.version: &#039;5.1&#039;, java.version: &#039;1.7.0_79&#039;
Driver info: driver.version: RemoteWebDriver
Session ID: f2052907-3cf5-4524-b677-ae82dfc8f077">
      <![CDATA[org.openqa.selenium.NoSuchElementException: Unable to find element with id == username (WARNING: The server did not provide any stacktrace information)
Command duration or timeout: 5.17 seconds
For documentation on this error, please visit: http://seleniumhq.org/exceptions/no_such_element.html
Build info: version: '2.26.0', revision: '18041', time: '2012-11-01 19:33:38'
System info: os.name: 'Windows XP', os.arch: 'x86', os.version: '5.1', java.version: '1.7.0_79'
Driver info: driver.version: RemoteWebDriver
Session ID: f2052907-3cf5-4524-b677-ae82dfc8f077
	at sun.reflect.NativeConstructorAccessorImpl.newInstance0(Native Method)
	at sun.reflect.NativeConstructorAccessorImpl.newInstance(NativeConstructorAccessorImpl.java:57)
	at sun.reflect.DelegatingConstructorAccessorImpl.newInstance(DelegatingConstructorAccessorImpl.java:45)
	at java.lang.reflect.Constructor.newInstance(Constructor.java:526)
	at org.openqa.selenium.remote.ErrorHandler.createThrowable(ErrorHandler.java:188)
	at org.openqa.selenium.remote.ErrorHandler.throwIfResponseFailed(ErrorHandler.java:145)
	at org.openqa.selenium.remote.RemoteWebDriver.execute(RemoteWebDriver.java:531)
	at org.openqa.selenium.remote.RemoteWebDriver.findElement(RemoteWebDriver.java:301)
	at org.openqa.selenium.remote.RemoteWebDriver.findElementById(RemoteWebDriver.java:330)
	at org.openqa.selenium.By$ById.findElement(By.java:215)
	at org.openqa.selenium.remote.RemoteWebDriver.findElement(RemoteWebDriver.java:293)
	at com.page.Kfgl_LoginPage_New.setUsername(Kfgl_LoginPage_New.java:27)
	at com.business.Kfgl_LoginBusiness_New.login(Kfgl_LoginBusiness_New.java:41)
	at com.cases.KfglTest_New.kfgl_0001_LoginSucc(KfglTest_New.java:24)
	at sun.reflect.NativeMethodAccessorImpl.invoke0(Native Method)
	at sun.reflect.NativeMethodAccessorImpl.invoke(NativeMethodAccessorImpl.java:57)
	at sun.reflect.DelegatingMethodAccessorImpl.invoke(DelegatingMethodAccessorImpl.java:43)
	at java.lang.reflect.Method.invoke(Method.java:606)
	at org.testng.internal.MethodInvocationHelper.invokeMethod(MethodInvocationHelper.java:80)
	at org.testng.internal.Invoker.invokeMethod(Invoker.java:714)
	at org.testng.internal.Invoker.invokeTestMethod(Invoker.java:901)
	at org.testng.internal.Invoker.invokeTestMethods(Invoker.java:1231)
	at org.testng.internal.TestMethodWorker.invokeTestMethods(TestMethodWorker.java:127)
	at org.testng.internal.TestMethodWorker.run(TestMethodWorker.java:111)
	at org.testng.TestRunner.privateRun(TestRunner.java:767)
	at org.testng.TestRunner.run(TestRunner.java:617)
	at org.testng.SuiteRunner.runTest(SuiteRunner.java:334)
	at org.testng.SuiteRunner.runSequentially(SuiteRunner.java:329)
	at org.testng.SuiteRunner.privateRun(SuiteRunner.java:291)
	at org.testng.SuiteRunner.run(SuiteRunner.java:240)
	at org.testng.SuiteRunnerWorker.runSuite(SuiteRunnerWorker.java:52)
	at org.testng.SuiteRunnerWorker.run(SuiteRunnerWorker.java:86)
	at org.testng.TestNG.runSuitesSequentially(TestNG.java:1198)
	at org.testng.TestNG.runSuitesLocally(TestNG.java:1123)
	at org.testng.TestNG.run(TestNG.java:1031)
	at org.testng.TestNG.privateMain(TestNG.java:1338)
	at org.testng.TestNG.main(TestNG.java:1307)
]]>
    </failure>
  </testcase> <!-- kfgl_0001_LoginSucc -->
</testsuite> <!-- com.cases.KfglTest_New -->
