<?xml version="1.0" encoding="UTF-8"?>
<!-- Generated by org.testng.reporters.JUnitXMLReporter -->
<testsuite hostname="renqin-31da6b5549" name="Test" tests="1" failures="1" timestamp="23 Nov 2016 13:02:21 GMT" time="12.274" errors="0">
  <testcase name="kfgl_0001_LoginSucc" time="6.442" classname="com.cases.KfglTest_New">
    <failure type="org.openqa.selenium.NoSuchElementException" message="Unable to find element with id == username (WARNING: The server did not provide any stacktrace information)
Command duration or timeout: 5.17 seconds
For documentation on this error, please visit: http://seleniumhq.org/exceptions/no_such_element.html
Build info: version: &amp;apos;2.26.0&amp;apos;, revision: &amp;apos;18041&amp;apos;, time: &amp;apos;2012-11-01 19:33:38&amp;apos;
System info: os.name: &amp;apos;Windows XP&amp;apos;, os.arch: &amp;apos;x86&amp;apos;, os.version: &amp;apos;5.1&amp;apos;, java.version: &amp;apos;1.7.0_79&amp;apos;
Driver info: driver.version: RemoteWebDriver
Session ID: f2052907-3cf5-4524-b677-ae82dfc8f077">
      <![CDATA[org.openqa.selenium.NoSuchElementException: Unable to find element with id == username (WARNING: The server did not provide any stacktrace information)
Command duration or timeout: 5.17 seconds
For documentation on this error, please visit: http://seleniumhq.org/exceptions/no_such_element.html
Build info: version: '2.26.0', revision: '18041', time: '2012-11-01 19:33:38'
System info: os.name: 'Windows XP', os.arch: 'x86', os.version: '5.1', java.version: '1.7.0_79'
Driver info: driver.version: RemoteWebDriver
Session ID: f2052907-3cf5-4524-b677-ae82dfc8f077
	at org.openqa.selenium.remote.ErrorHandler.createThrowable(ErrorHandler.java:188)
	at org.openqa.selenium.remote.ErrorHandler.throwIfResponseFailed(ErrorHandler.java:145)
	at org.openqa.selenium.remote.RemoteWebDriver.execute(RemoteWebDriver.java:531)
	at org.openqa.selenium.remote.RemoteWebDriver.findElement(RemoteWebDriver.java:301)
	at org.openqa.selenium.remote.RemoteWebDriver.findElementById(RemoteWebDriver.java:330)
	at org.openqa.selenium.By$ById.findElement(By.java:215)
	at org.openqa.selenium.remote.RemoteWebDriver.findElement(RemoteWebDriver.java:293)
	at com.page.Kfgl_LoginPage_New.setUsername(Kfgl_LoginPage_New.java:27)
	at com.business.Kfgl_LoginBusiness_New.login(Kfgl_LoginBusiness_New.java:41)
	at com.cases.KfglTest_New.kfgl_0001_LoginSucc(KfglTest_New.java:24)
... Removed 27 stack frames]]>
    </failure>
  </testcase> <!-- kfgl_0001_LoginSucc -->
</testsuite> <!-- Test -->
